Abeygunawardane2022 Abeygunawardane (2022)  "Resource frontiers and agglomeration economies: The varied logics of transnational land-based investing in Southern and Eastern Africa"
	unable to extract month: "date"=None "month"=None "DA"=None
Aguiar2022 Aguiar (2022)  "Roads and land tenure mediate the effects of precipitation on forest cover change in the Argentine Dry Chaco"
	unable to extract month: "date"=None "month"=None "DA"=None
Authelet2021 Authelet (2021)  "Economic, pro-social and pro-environmental factors influencing participation in an incentive-based conservation program in Bolivia"
	unable to extract month: "date"=None "month"=None "DA"=None
Bastos-Lima2019 Bastos (2019)  "Leakage and boosting effects in environmental governance: A framework for analysis"
	unable to extract month: "date"=None "month"=None "DA"=None
Baumann2022 Baumann (2022)  "Frontier metrics for a process-based understanding of deforestation dynamics"
	unable to extract month: "date"=None "month"=None "DA"=None
Bennett2015 Bennett (2015)  "Linking biodiversity, ecosystem services, and human well-being: three challenges for designing research for sustainability"
	unable to extract month: "date"=None "month"=None "DA"=None
Bey2020 Bey (2020)  "Mapping smallholder and large-scale cropland dynamics with a flexible classification system and pixel-based composites in an emerging frontier of Mozambique"
	unable to extract month: "date"=None "month"=None "DA"=None
Bey2021 Bey (2021)  "Improved land monitoring to assess large-scale tree plantation expansion and trajectories in northern Mozambique"
	unable to extract month: "date"=None "month"=None "DA"=None
Bhan2022 Bhan (2022)  "A mid-20th century inventory-based estimate of global terrestrial vegetation carbon stocks"
	unable to extract month: "date"=None "month"=None "DA"=None
Bruggeman2015 Bruggeman (2015)  "Production forests as a conservation tool: Effectiveness of Cameroon's land use zoning policy"
	unable to extract month: "date"=None "month"=None "DA"=None
Bruggeman2016 Bruggeman (2016)  "Forest cover changes in Bhutan: Revisiting the forest transition"
	unable to extract month: "date"=None "month"=None "DA"=None
Bruggeman2018 Bruggeman (2018)  "Impact of land-use zoning for forest protection and production on forest cover changes in Bhutan"
	unable to extract month: "date"=None "month"=None "DA"=None
Buchadas2022 Buchadas (2022)  "Uncovering major types of deforestation frontiers across the world’s tropical dry woodlands"
	unable to extract month: "date"=None "month"=None "DA"=None
Buchadas2023 Buchadas (2023)  "Tropical dry woodland loss occurs disproportionately in areas of highest conservation value"
	unable to extract month: "date"=None "month"=None "DA"=None
Chiarella2023 Chiarella (2023)  "Balancing the trade-offs between land productivity, labor productivity and labor intensity"
	unable to extract month: "date"=None "month"=None "DA"=None
Coenen2021 Coenen (2021)  "Environmental Governance of China's Belt and Road Initiative"
	unable to extract month: "date"=None "month"=None "DA"=None
Coenen2022 Coenen (2022)  "Environmental governance of a Belt and Road project in Montenegro – National agency and external influences"
	unable to extract month: "date"=None "month"=None "DA"=None
Coenen2023 Coenen (2023)  "Toward spatial fit in the governance of global commodity flows"
	unable to extract month: "date"=None "month"=None "DA"=None
Dyer2012 Dyer (2012)  "Is There an Ideal REDD+ Program? An Analysis of Policy Trade-Offs at the Local Level"
	unable to extract month: "date"=None "month"=None "DA"=None
Eigenbrod2020 Eigenbrod (2020)  "Identifying Agricultural Frontiers for Modeling Global Cropland Expansion"
	unable to extract month: "date"=None "month"=None "DA"=None
Erb2017 Erb (2017)  "Land management: data availability and process understanding for global change studies"
	unable to extract month: "date"=None "month"=None "DA"=None
Ermgassen2021 Ermgassen (2021)  "Do Pasto ao Prato: a citizen science initiative to (m)app the supply chain of animal products within Brazil"
	missing doi
Ermgassen2022 Ermgassen (2022)  "Addressing indirect sourcing in zero deforestation commodity supply chains"
	unable to extract month: "date"=None "month"=None "DA"=None
Garcia2020 García (2020)  "Agricultural intensification and land use change: Assessing country-level induced intensification, land sparing and rebound effect"
	unable to extract month: "date"=None "month"=None "DA"=None
Garcia2021 García (2021)  "Long-and short-run forest dynamics: An empirical assessment of forest transition, environmental kuznets curve and ecologically unequal exchange theories"
	unable to extract month: "date"=None "month"=None "DA"=None
Garcia2022 García (2022)  "Waves and legacies: the making of an investment frontier in Niassa, Mozambique"
	unable to extract month: "date"=None "month"=None "DA"=None
Gardner2019 Gardner (2019)  "Transparency and sustainability in global commodity supply chains"
	unable to extract month: "date"=None "month"=None "DA"=None
Gasparri2016 Gasparri (2016)  "The Emerging Soybean Production Frontier in Southern Africa: Conservation Challenges and the Role of South-South Telecouplings"
	unable to extract month: "date"=None "month"=None "DA"=None
Godar2015 Godar (2015)  "Towards more accurate and policy relevant footprint analyses: Tracing fine-scale socio-environmental impacts of production to consumption"
	unable to extract month: "date"=None "month"=None "DA"=None
Godar2016 Godar (2016)  "Balancing detail and scale in assessing transparency to improve the governance of agricultural commodity supply chains"
	unable to extract month: "date"=None "month"=None "DA"=None
Haberl2014 Haberl (2014)  "Finite land resources and competition"
	missing doi
Hoang2020 Hoang (2020)  "Impact of tourism development on the local livelihoods and land cover change in the Northern Vietnamese highlands"
	unable to extract month: "date"=None "month"=None "DA"=None
Huber2018 Huber (2018)  "Representation of decision-making in European agricultural agent-based models"
	unable to extract month: "date"=None "month"=None "DA"=None
Ingalls2018 Ingalls (2018)  "The transboundary displacement of deforestation under REDD+: Problematic intersections between the trade of forest-risk commodities and land grabbing in the Mekong region"
	unable to extract month: "date"=None "month"=None "DA"=None
Jadin2016 Jadin (2016)  "Erratum: International trade, and land use intensification and spatial reorganization explain Costa Rica's forest transition (Environmental Research Letters (2016) 11 (035005))"
	unable to extract month: "date"=None "month"=None "DA"=None
Jadin2017 Jadin (2017)  "Unexpected interactions between agricultural and forest sectors through international trade: Wood pallets and agricultural exports in Costa Rica"
	unable to extract month: "date"=None "month"=None "DA"=None
Joshi2016 Joshi (2016)  "A review of the application of optical and radar remote sensing data fusion to land use mapping and monitoring"
	unable to extract month: "date"=None "month"=None "DA"=None
Junquera2020 Junquera (2020)  "From global drivers to local land-use change: understanding the northern Laos rubber boom"
	unable to extract month: "date"=None "month"=None "DA"=None
Kehoe2020 Kehoe (2020)  "Inclusion, Transparency, and Enforcement: How the EU-Mercosur Trade Agreement Fails the Sustainability Test"
	unable to extract month: "date"=None "month"=None "DA"=None
Khuc2018 Khuc (2018)  "Drivers of deforestation and forest degradation in Vietnam: An exploratory analysis at the national level"
	unable to extract month: "date"=None "month"=None "DA"=None
Kuemmerle2013 Kuemmerle (2013)  "Challenges and opportunities in mapping land use intensity globally"
	unable to extract month: "date"=None "month"=None "DA"=None
Kuemmerle2023 Kuemmerle (2023)  "Making conventional farming more biodiversity friendly"
	unable to extract month: "date"=None "month"=None "DA"=None
Lamarque2014 Lamarque (2014)  "How ecosystem services knowledge and values influence farmers' decision-making"
	unable to extract month: "date"=None "month"=None "DA"=None
Lambin2010 Lambin (2010)  "Land use transitions: Socio-ecological feedback versus socio-economic change"
	unable to extract month: "date"=None "month"=None "DA"=None
Lambin2011 Lambin (2011)  "Global land use change, economic globalization, and the looming land scarcity"
	unable to extract month: "date"=None "month"=None "DA"=None
Lambin2013 Lambin (2013)  "Estimating the world's potentially available cropland using a bottom-up approach"
	unable to extract month: "date"=None "month"=None "DA"=None
Lambin2014 Lambin (2014)  "Trends in global land-use competition"
	missing doi
Leijten2022 Leijten (2022)  "The influence of company sourcing patterns on the adoption and effectiveness of zero-deforestation commitments in Brazil's soy supply chain"
	unable to extract month: "date"=None "month"=None "DA"=None
Levers2018 Levers (2018)  "Archetypical patterns and trajectories of land systems in Europe"
	unable to extract month: "date"=None "month"=None "DA"=None
Lhoest2020 Lhoest (2020)  "Quantifying the use of forest ecosystem services by local populations in southeastern Cameroon"
	unable to extract month: "date"=None "month"=None "DA"=None
Lofqvist2023 Löfqvist (2023)  "Erratum: How Social Considerations Improve the Equity and Effectiveness of Ecosystem Restoration (BioScience (2023) 73:2 (134-148) DOI: 10.1093/biosci/biac099)"
	unable to extract month: "date"=None "month"=None "DA"=None
Luyssaert2014 Luyssaert (2014)  "Land management and land-cover change have impacts of similar magnitude on surface temperature"
	unable to extract month: "date"=None "month"=None "DA"=None
Magliocca2018 Magliocca (2018)  "Closing global knowledge gaps: Producing generalized knowledge from case studies of social-ecological systems"
	unable to extract month: "date"=None "month"=None "DA"=None
Mastrangelo2019 Mastrángelo (2019)  "Key knowledge gaps to achieve global sustainability goals"
	unable to extract month: "date"=None "month"=None "DA"=None
Matthews2014 Matthews (2014)  "Implementing REDD+ (Reducing Emissions from Deforestation and Degradation): Evidence on governance, evaluation and impacts from the REDD-ALERT project"
	unable to extract month: "date"=None "month"=None "DA"=None
McGrath2015 McGrath (2015)  "Reconstructing European forest management from 1600 to 2010"
	unable to extract month: "date"=None "month"=None "DA"=None
Meyfroidt2007 Meyfroidt (2007)  "Integration of heterogenous land cover maps for forest cover change detection at national scale: The case of Vietnam"
	unable to extract month: "date"=None "month"=None "DA"=None
Meyfroidt2008 Meyfroidt (2008)  "Forest transition in Vietnam and its environmental impacts"
	unable to extract month: "date"=None "month"=None "DA"=None
Meyfroidt2009 Meyfroidt (2009)  "Forest transition in Vietnam and displacement of deforestation abroad"
	unable to extract month: "date"=None "month"=None "DA"=None
Meyfroidt2010 Meyfroidt (2010)  "Forest transitions, trade, and the global displacement of land use"
	unable to extract month: "date"=None "month"=None "DA"=None
Meyfroidt2011 Meyfroidt (2011)  "Global forest transition: Prospects for an end to deforestation"
	unable to extract month: "date"=None "month"=None "DA"=None
Meyfroidt2013 Meyfroidt (2013)  "Trajectories of deforestation, coffee expansion and displacement of shifting cultivation in the Central Highlands of Vietnam"
	unable to extract month: "date"=None "month"=None "DA"=None
Meyfroidt2014 Meyfroidt (2014)  "Multiple pathways of commodity crop expansion in tropical forest landscapes"
	unable to extract month: "date"=None "month"=None "DA"=None
Meyfroidt2016 Meyfroidt (2016)  "Approaches and terminology for causal analysis in land systems science"
	unable to extract month: "date"=None "month"=None "DA"=None
Meyfroidt2017 Meyfroidt (2017)  "Mapping farm size globally: Benchmarking the smallholders debate"
	unable to extract month: "date"=None "month"=None "DA"=None
Meyfroidt2018 Meyfroidt (2018)  "Middle-range theories of land system change"
	unable to extract month: "date"=None "month"=None "DA"=None
Meyfroidt2019 Meyfroidt (2019)  "Interactions between land systems and food systems"
	unable to extract month: "date"=None "month"=None "DA"=None
Meyfroidt2020 Meyfroidt (2020)  "Focus on leakage and spillovers: Informing land-use governance in a tele-coupled world"
	unable to extract month: "date"=None "month"=None "DA"=None
Meyfroidt2021 Meyfroidt (2021)  "Emerging agricultural expansion in northern regions: Insights from land-use research"
	unable to extract month: "date"=None "month"=None "DA"=None
Meyfroidt2022 Meyfroidt (2022)  "Ten facts about land systems for sustainability"
	unable to extract month: "date"=None "month"=None "DA"=None
Munroe2019 Munroe (2019)  "Governing flows in telecoupled land systems"
	unable to extract month: "date"=None "month"=None "DA"=None
Nielsen2019 Nielsen (2019)  "Toward a normative land systems science"
	unable to extract month: "date"=None "month"=None "DA"=None
Oberlack2019 Oberlack (2019)  "Archetype analysis in sustainability research: meanings, motivations, and evidence-based policy making"
	unable to extract month: "date"=None "month"=None "DA"=None
Oldekop2020 Oldekop (2020)  "Forest-linked livelihoods in a globalized world"
	unable to extract month: "date"=None "month"=None "DA"=None
Oliveira2021 Oliveira (2021)  "Strategic land-use planning instruments in tropical regions: state of the art and future research"
	unable to extract month: "date"=None "month"=None "DA"=None
Oliveira2022 Oliveira (2022)  "Strategic spatial planning in emerging land-use frontiers: evidence from Mozambique"
	unable to extract month: "date"=None "month"=None "DA"=None
Parra-Paitan2023 Parra-Paitan (2023)  "Large gaps in voluntary sustainability commitments covering the global cocoa trade"
	unable to extract month: "date"=None "month"=None "DA"=None
Pas2022 Pas (2022)  "Alternative perspectives: A bright side of natural resource governance in drylands"
	unable to extract month: "date"=None "month"=None "DA"=None
Pendrill2022 Pendrill (2022)  "Disentangling the numbers behind agriculture-driven tropical deforestation"
	unable to extract month: "date"=None "month"=None "DA"=None
Picoli2022 Picoli (2022)  "UNSUPERVISED SEGMENTATION OF SMALLHOLDER FIELDS IN MOZAMBIQUE USING PLANETSCOPE IMAGERY"
	unable to extract month: "date"=None "month"=None "DA"=None
Pongratz2018 Pongratz (2018)  "Models meet data: Challenges and opportunities in implementing land management in Earth system models"
	unable to extract month: "date"=None "month"=None "DA"=None
Pratzer2023 Pratzer (2023)  "Agricultural intensification, Indigenous stewardship and land sparing in tropical dry forests"
	unable to extract month: "date"=None "month"=None "DA"=None
Qin2022 Qin (2022)  "The geography of international conservation interest in South American deforestation frontiers"
	unable to extract month: "date"=None "month"=None "DA"=None
Reis2020 Reis (2020)  "Understanding the Stickiness of Commodity Supply Chains Is Key to Improving Their Sustainability"
	unable to extract month: "date"=None "month"=None "DA"=None
Reis2023 Reis (2023)  "Explaining the stickiness of supply chain relations in the Brazilian soybean trade"
	unable to extract month: "date"=None "month"=None "DA"=None
Renier2023 Renier (2023)  "Transparency, traceability and deforestation in the Ivorian cocoa supply chain"
	unable to extract month: "date"=None "month"=None "DA"=None
Rudel2014 Rudel (2014)  "Organizing anarchy: The food security-biodiversity-climate crisis and the genesis of rural land use planning in the developing world"
	unable to extract month: "date"=None "month"=None "DA"=None
Rudel2020 Rudel (2020)  "Whither the forest transition? Climate change, policy responses, and redistributed forests in the twenty-first century"
	unable to extract month: "date"=None "month"=None "DA"=None
Rudel2021 Rudel (2021)  "Response to “Withering the coloniality of the forest transition?”"
	unable to extract month: "date"=None "month"=None "DA"=None
Rufin2022 Rufin (2022)  "Large-area mapping of active cropland and short-term fallows in smallholder landscapes using PlanetScope data"
	unable to extract month: "date"=None "month"=None "DA"=None
Schierhorn2016 Schierhorn (2016)  "The dynamics of beef trade between Brazil and Russia and their environmental implications"
	unable to extract month: "date"=None "month"=None "DA"=None
Schierhorn2019 Schierhorn (2019)  "Large greenhouse gas savings due to changes in the post-Soviet food systems"
	unable to extract month: "date"=None "month"=None "DA"=None
Schluter2022 Schlüter (2022)  "Why care about theories? Innovative ways of theorizing in sustainability science"
	unable to extract month: "date"=None "month"=None "DA"=None
Simoes2023 Simoes (2023)  "The segmetric Package: Metrics for Assessing Segmentation Accuracy for Geospatial Data"
	unable to extract month: "date"=None "month"=None "DA"=None
Sloan2019 Sloan (2019)  "The forest transformation: Planted tree cover and regional dynamics of tree gains and losses"
	unable to extract month: "date"=None "month"=None "DA"=None
Thomson2019 Thomson (2019)  "Sustainable intensification in land systems: trade-offs, scales, and contexts"
	unable to extract month: "date"=None "month"=None "DA"=None
Tritsch2020 Tritsch (2020)  "Do forest-management plans and FSC certification help avoid deforestation in the Congo Basin?"
	unable to extract month: "date"=None "month"=None "DA"=None
Turner2020 Turner (2020)  "Framing the search for a theory of land use"
	unable to extract month: "date"=None "month"=None "DA"=None
Van-Khuc2020 Van (2020)  "Forest cover change, households' livelihoods, trade-offs, and constraints associated with plantation forests in poor upland-rural landscapes: Evidence from north central Vietnam"
	unable to extract month: "date"=None "month"=None "DA"=None
Vanwambeke2012 Vanwambeke (2012)  "From USSR to EU: 20 years of rural landscape changes in Vidzeme, Latvia"
	unable to extract month: "date"=None "month"=None "DA"=None
Vanwambeke2016 Vanwambeke (2016)  "Forest classes and tree cover gradient: tick habitat in encroached areas of southern Norway"
	unable to extract month: "date"=None "month"=None "DA"=None
Verburg2015 Verburg (2015)  "Land system science and sustainable development of the earth system: A global land project perspective"
	unable to extract month: "date"=None "month"=None "DA"=None
Vliet2016 Vliet (2016)  "Meta-studies in land use science: Current coverage and prospects"
	unable to extract month: "date"=None "month"=None "DA"=None
Waroux2018 Waroux (2018)  "Rents, Actors, and the Expansion of Commodity Frontiers in the Gran Chaco"
	unable to extract month: "date"=None "month"=None "DA"=None
Zu-Ermgassen2020 Zu (2020)  "The origin, supply chain, and deforestation risk of Brazil's beef exports"
	unable to extract month: "date"=None "month"=None "DA"=None